d:\workspace\projects\tempfiles\vs2015\caffe-mini\caffe-mini\debug\vc140.pdb
d:\workspace\projects\tempfiles\vs2015\caffe-mini\caffe-mini\debug\vc140.idb
d:\workspace\projects\tempfiles\vs2015\caffe-mini\caffe-mini\debug\message.obj
d:\workspace\projects\tempfiles\vs2015\caffe-mini\caffe-mini\debug\message_lite.obj
d:\workspace\projects\tempfiles\vs2015\caffe-mini\caffe-mini\debug\reflection_ops.obj
d:\workspace\projects\tempfiles\vs2015\caffe-mini\caffe-mini\debug\repeated_field.obj
d:\workspace\projects\tempfiles\vs2015\caffe-mini\caffe-mini\debug\structurally_valid.obj
d:\workspace\projects\tempfiles\vs2015\caffe-mini\caffe-mini\debug\gcommon.obj
d:\workspace\projects\tempfiles\vs2015\caffe-mini\caffe-mini\debug\once.obj
d:\workspace\projects\tempfiles\vs2015\caffe-mini\caffe-mini\debug\strutil.obj
d:\workspace\projects\tempfiles\vs2015\caffe-mini\caffe-mini\debug\substitute.obj
d:\workspace\projects\tempfiles\vs2015\caffe-mini\caffe-mini\debug\text_format.obj
d:\workspace\projects\tempfiles\vs2015\caffe-mini\caffe-mini\debug\unknown_field_set.obj
d:\workspace\projects\tempfiles\vs2015\caffe-mini\caffe-mini\debug\wire_format.obj
d:\workspace\projects\tempfiles\vs2015\caffe-mini\caffe-mini\debug\wire_format_lite.obj
d:\workspace\projects\tempfiles\vs2015\caffe-mini\caffe-mini\debug\zero_copy_stream_impl.obj
d:\workspace\projects\tempfiles\vs2015\caffe-mini\caffe-mini\debug\new_caffe.pb.obj
d:\workspace\projects\tempfiles\vs2015\caffe-mini\caffe-mini\debug\downgrade_example.obj
d:\workspace\projects\tempfiles\vs2015\caffe-mini\caffe-mini\debug\downgrade_proto.obj
d:\workspace\projects\tempfiles\vs2015\caffe-mini\caffe-mini\debug\image_io.obj
d:\workspace\projects\tempfiles\vs2015\caffe-mini\caffe-mini\debug\test_complex.obj
d:\workspace\projects\tempfiles\vs2015\caffe-mini\caffe-mini\debug\test_images.obj
d:\workspace\projects\tempfiles\vs2015\caffe-mini\caffe-mini\debug\sigmoid_layer.obj
d:\workspace\projects\tempfiles\vs2015\caffe-mini\caffe-mini\debug\softmax_layer.obj
d:\workspace\projects\tempfiles\vs2015\caffe-mini\caffe-mini\debug\softmax_loss_layer.obj
d:\workspace\projects\tempfiles\vs2015\caffe-mini\caffe-mini\debug\split_layer.obj
d:\workspace\projects\tempfiles\vs2015\caffe-mini\caffe-mini\debug\syncedmem.obj
d:\workspace\projects\tempfiles\vs2015\caffe-mini\caffe-mini\debug\tanh_layer.obj
d:\workspace\projects\tempfiles\vs2015\caffe-mini\caffe-mini\debug\verification_loss.obj
d:\workspace\projects\tempfiles\vs2015\caffe-mini\caffe-mini\debug\descriptor.obj
d:\workspace\projects\tempfiles\vs2015\caffe-mini\caffe-mini\debug\descriptor.pb.obj
d:\workspace\projects\tempfiles\vs2015\caffe-mini\caffe-mini\debug\descriptor_database.obj
d:\workspace\projects\tempfiles\vs2015\caffe-mini\caffe-mini\debug\dynamic_message.obj
d:\workspace\projects\tempfiles\vs2015\caffe-mini\caffe-mini\debug\extension_set.obj
d:\workspace\projects\tempfiles\vs2015\caffe-mini\caffe-mini\debug\extension_set_heavy.obj
d:\workspace\projects\tempfiles\vs2015\caffe-mini\caffe-mini\debug\generated_message_reflection.obj
d:\workspace\projects\tempfiles\vs2015\caffe-mini\caffe-mini\debug\generated_message_util.obj
d:\workspace\projects\tempfiles\vs2015\caffe-mini\caffe-mini\debug\coded_stream.obj
d:\workspace\projects\tempfiles\vs2015\caffe-mini\caffe-mini\debug\tokenizer.obj
d:\workspace\projects\tempfiles\vs2015\caffe-mini\caffe-mini\debug\zero_copy_stream.obj
d:\workspace\projects\tempfiles\vs2015\caffe-mini\caffe-mini\debug\zero_copy_stream_impl_lite.obj
d:\workspace\projects\tempfiles\vs2015\caffe-mini\caffe-mini\debug\concat_layer.obj
d:\workspace\projects\tempfiles\vs2015\caffe-mini\caffe-mini\debug\conv_layer.obj
d:\workspace\projects\tempfiles\vs2015\caffe-mini\caffe-mini\debug\dropout_group_layer.obj
d:\workspace\projects\tempfiles\vs2015\caffe-mini\caffe-mini\debug\dropout_layer.obj
d:\workspace\projects\tempfiles\vs2015\caffe-mini\caffe-mini\debug\flatten_layer.obj
d:\workspace\projects\tempfiles\vs2015\caffe-mini\caffe-mini\debug\im2col.obj
d:\workspace\projects\tempfiles\vs2015\caffe-mini\caffe-mini\debug\im2col_layer.obj
d:\workspace\projects\tempfiles\vs2015\caffe-mini\caffe-mini\debug\inner_product_layer.obj
d:\workspace\projects\tempfiles\vs2015\caffe-mini\caffe-mini\debug\insert_splits.obj
d:\workspace\projects\tempfiles\vs2015\caffe-mini\caffe-mini\debug\io.obj
d:\workspace\projects\tempfiles\vs2015\caffe-mini\caffe-mini\debug\layer_factory.obj
d:\workspace\projects\tempfiles\vs2015\caffe-mini\caffe-mini\debug\loss_layer.obj
d:\workspace\projects\tempfiles\vs2015\caffe-mini\caffe-mini\debug\lrn_layer.obj
d:\workspace\projects\tempfiles\vs2015\caffe-mini\caffe-mini\debug\math_functions.obj
d:\workspace\projects\tempfiles\vs2015\caffe-mini\caffe-mini\debug\net.obj
d:\workspace\projects\tempfiles\vs2015\caffe-mini\caffe-mini\debug\neuron_layer.obj
d:\workspace\projects\tempfiles\vs2015\caffe-mini\caffe-mini\debug\padding_layer.obj
d:\workspace\projects\tempfiles\vs2015\caffe-mini\caffe-mini\debug\pooling_layer.obj
d:\workspace\projects\tempfiles\vs2015\caffe-mini\caffe-mini\debug\raw_image_layer.obj
d:\workspace\projects\tempfiles\vs2015\caffe-mini\caffe-mini\debug\relu_layer.obj
d:\workspace\projects\tempfiles\vs2015\caffe-mini\caffe-mini\debug\caffe.obj
d:\workspace\projects\tempfiles\vs2015\caffe-mini\caffe-mini\debug\blob.obj
d:\workspace\projects\tempfiles\vs2015\caffe-mini\caffe-mini\debug\bnll_layer.obj
d:\workspace\projects\tempfiles\vs2015\caffe-mini\caffe-mini\debug\caffe.pb.obj
d:\workspace\projects\tempfiles\vs2015\caffe-mini\caffe-mini\debug\common.obj
d:\workspace\projects\tempfiles\vs2015\caffe-mini\debug\caffe-mini.ilk
d:\workspace\projects\tempfiles\vs2015\caffe-mini\debug\caffe-mini.exe
d:\workspace\projects\tempfiles\vs2015\caffe-mini\debug\caffe-mini.pdb
d:\workspace\projects\tempfiles\vs2015\caffe-mini\caffe-mini\debug\caffe-mini.tlog\cl.command.1.tlog
d:\workspace\projects\tempfiles\vs2015\caffe-mini\caffe-mini\debug\caffe-mini.tlog\cl.read.1.tlog
d:\workspace\projects\tempfiles\vs2015\caffe-mini\caffe-mini\debug\caffe-mini.tlog\cl.write.1.tlog
d:\workspace\projects\tempfiles\vs2015\caffe-mini\caffe-mini\debug\caffe-mini.tlog\link.command.1.tlog
d:\workspace\projects\tempfiles\vs2015\caffe-mini\caffe-mini\debug\caffe-mini.tlog\link.read.1.tlog
d:\workspace\projects\tempfiles\vs2015\caffe-mini\caffe-mini\debug\caffe-mini.tlog\link.write.1.tlog
