d:\workspace\projects\tempfiles\vs2015\caffe-mini\caffe-mini\release\vc140.pdb
d:\workspace\projects\tempfiles\vs2015\caffe-mini\caffe-mini\release\net.obj
d:\workspace\projects\tempfiles\vs2015\caffe-mini\caffe-mini\release\math_functions.obj
d:\workspace\projects\tempfiles\vs2015\caffe-mini\caffe-mini\release\lrn_layer.obj
d:\workspace\projects\tempfiles\vs2015\caffe-mini\caffe-mini\release\loss_layer.obj
d:\workspace\projects\tempfiles\vs2015\caffe-mini\caffe-mini\release\layer_factory.obj
d:\workspace\projects\tempfiles\vs2015\caffe-mini\caffe-mini\release\io.obj
d:\workspace\projects\tempfiles\vs2015\caffe-mini\caffe-mini\release\insert_splits.obj
d:\workspace\projects\tempfiles\vs2015\caffe-mini\caffe-mini\release\inner_product_layer.obj
d:\workspace\projects\tempfiles\vs2015\caffe-mini\caffe-mini\release\im2col_layer.obj
d:\workspace\projects\tempfiles\vs2015\caffe-mini\caffe-mini\release\im2col.obj
d:\workspace\projects\tempfiles\vs2015\caffe-mini\caffe-mini\release\flatten_layer.obj
d:\workspace\projects\tempfiles\vs2015\caffe-mini\caffe-mini\release\dropout_layer.obj
d:\workspace\projects\tempfiles\vs2015\caffe-mini\caffe-mini\release\dropout_group_layer.obj
d:\workspace\projects\tempfiles\vs2015\caffe-mini\caffe-mini\release\conv_layer.obj
d:\workspace\projects\tempfiles\vs2015\caffe-mini\caffe-mini\release\concat_layer.obj
d:\workspace\projects\tempfiles\vs2015\caffe-mini\caffe-mini\release\common.obj
d:\workspace\projects\tempfiles\vs2015\caffe-mini\caffe-mini\release\caffe.pb.obj
d:\workspace\projects\tempfiles\vs2015\caffe-mini\caffe-mini\release\bnll_layer.obj
d:\workspace\projects\tempfiles\vs2015\caffe-mini\caffe-mini\release\blob.obj
d:\workspace\projects\tempfiles\vs2015\caffe-mini\caffe-mini\release\caffe.obj
d:\workspace\projects\tempfiles\vs2015\caffe-mini\caffe-mini\release\generated_message_util.obj
d:\workspace\projects\tempfiles\vs2015\caffe-mini\caffe-mini\release\generated_message_reflection.obj
d:\workspace\projects\tempfiles\vs2015\caffe-mini\caffe-mini\release\extension_set_heavy.obj
d:\workspace\projects\tempfiles\vs2015\caffe-mini\caffe-mini\release\extension_set.obj
d:\workspace\projects\tempfiles\vs2015\caffe-mini\caffe-mini\release\dynamic_message.obj
d:\workspace\projects\tempfiles\vs2015\caffe-mini\caffe-mini\release\descriptor_database.obj
d:\workspace\projects\tempfiles\vs2015\caffe-mini\caffe-mini\release\descriptor.pb.obj
d:\workspace\projects\tempfiles\vs2015\caffe-mini\caffe-mini\release\descriptor.obj
d:\workspace\projects\tempfiles\vs2015\caffe-mini\caffe-mini\release\verification_loss.obj
d:\workspace\projects\tempfiles\vs2015\caffe-mini\caffe-mini\release\tanh_layer.obj
d:\workspace\projects\tempfiles\vs2015\caffe-mini\caffe-mini\release\syncedmem.obj
d:\workspace\projects\tempfiles\vs2015\caffe-mini\caffe-mini\release\split_layer.obj
d:\workspace\projects\tempfiles\vs2015\caffe-mini\caffe-mini\release\softmax_loss_layer.obj
d:\workspace\projects\tempfiles\vs2015\caffe-mini\caffe-mini\release\softmax_layer.obj
d:\workspace\projects\tempfiles\vs2015\caffe-mini\caffe-mini\release\sigmoid_layer.obj
d:\workspace\projects\tempfiles\vs2015\caffe-mini\caffe-mini\release\relu_layer.obj
d:\workspace\projects\tempfiles\vs2015\caffe-mini\caffe-mini\release\raw_image_layer.obj
d:\workspace\projects\tempfiles\vs2015\caffe-mini\caffe-mini\release\pooling_layer.obj
d:\workspace\projects\tempfiles\vs2015\caffe-mini\caffe-mini\release\padding_layer.obj
d:\workspace\projects\tempfiles\vs2015\caffe-mini\caffe-mini\release\neuron_layer.obj
d:\workspace\projects\tempfiles\vs2015\caffe-mini\caffe-mini\release\new_caffe.pb.obj
d:\workspace\projects\tempfiles\vs2015\caffe-mini\caffe-mini\release\zero_copy_stream_impl.obj
d:\workspace\projects\tempfiles\vs2015\caffe-mini\caffe-mini\release\wire_format_lite.obj
d:\workspace\projects\tempfiles\vs2015\caffe-mini\caffe-mini\release\wire_format.obj
d:\workspace\projects\tempfiles\vs2015\caffe-mini\caffe-mini\release\unknown_field_set.obj
d:\workspace\projects\tempfiles\vs2015\caffe-mini\caffe-mini\release\text_format.obj
d:\workspace\projects\tempfiles\vs2015\caffe-mini\caffe-mini\release\substitute.obj
d:\workspace\projects\tempfiles\vs2015\caffe-mini\caffe-mini\release\strutil.obj
d:\workspace\projects\tempfiles\vs2015\caffe-mini\caffe-mini\release\once.obj
d:\workspace\projects\tempfiles\vs2015\caffe-mini\caffe-mini\release\gcommon.obj
d:\workspace\projects\tempfiles\vs2015\caffe-mini\caffe-mini\release\structurally_valid.obj
d:\workspace\projects\tempfiles\vs2015\caffe-mini\caffe-mini\release\repeated_field.obj
d:\workspace\projects\tempfiles\vs2015\caffe-mini\caffe-mini\release\reflection_ops.obj
d:\workspace\projects\tempfiles\vs2015\caffe-mini\caffe-mini\release\message_lite.obj
d:\workspace\projects\tempfiles\vs2015\caffe-mini\caffe-mini\release\message.obj
d:\workspace\projects\tempfiles\vs2015\caffe-mini\caffe-mini\release\zero_copy_stream_impl_lite.obj
d:\workspace\projects\tempfiles\vs2015\caffe-mini\caffe-mini\release\zero_copy_stream.obj
d:\workspace\projects\tempfiles\vs2015\caffe-mini\caffe-mini\release\tokenizer.obj
d:\workspace\projects\tempfiles\vs2015\caffe-mini\caffe-mini\release\coded_stream.obj
d:\workspace\projects\tempfiles\vs2015\caffe-mini\caffe-mini\release\test_images.obj
d:\workspace\projects\tempfiles\vs2015\caffe-mini\caffe-mini\release\test_complex.obj
d:\workspace\projects\tempfiles\vs2015\caffe-mini\caffe-mini\release\image_io.obj
d:\workspace\projects\tempfiles\vs2015\caffe-mini\caffe-mini\release\downgrade_proto.obj
d:\workspace\projects\tempfiles\vs2015\caffe-mini\caffe-mini\release\downgrade_example.obj
d:\workspace\projects\tempfiles\vs2015\caffe-mini\release\caffe-mini.exe
d:\workspace\projects\tempfiles\vs2015\caffe-mini\release\caffe-mini.ipdb
d:\workspace\projects\tempfiles\vs2015\caffe-mini\release\caffe-mini.iobj
d:\workspace\projects\tempfiles\vs2015\caffe-mini\release\caffe-mini.pdb
d:\workspace\projects\tempfiles\vs2015\caffe-mini\caffe-mini\release\caffe-mini.tlog\cl.command.1.tlog
d:\workspace\projects\tempfiles\vs2015\caffe-mini\caffe-mini\release\caffe-mini.tlog\cl.read.1.tlog
d:\workspace\projects\tempfiles\vs2015\caffe-mini\caffe-mini\release\caffe-mini.tlog\cl.write.1.tlog
d:\workspace\projects\tempfiles\vs2015\caffe-mini\caffe-mini\release\caffe-mini.tlog\link.command.1.tlog
d:\workspace\projects\tempfiles\vs2015\caffe-mini\caffe-mini\release\caffe-mini.tlog\link.read.1.tlog
d:\workspace\projects\tempfiles\vs2015\caffe-mini\caffe-mini\release\caffe-mini.tlog\link.write.1.tlog
